# JRE version: OpenJDK Runtime Environment Temurin-17.0.12+7 (17.0.12+7) (build 17.0.12+7)
# Java VM: OpenJDK 64-Bit Server VM Temurin-17.0.12+7 (17.0.12+7, mixed mode, emulated-client, tiered, compressed oops, compressed class ptrs, g1 gc, windows-amd64)
GC Precious Log:
 CPUs: 8 total, 8 available
 Memory: 16087M
 Large Page Support: Disabled
 NUMA Support: Disabled
 Compressed Oops: Enabled (32-bit)
 Heap Region Size: 1M
 Heap Min Capacity: 8M
 Heap Initial Capacity: 252M
 Heap Max Capacity: 1G
 Pre-touch: Disabled
 Parallel Workers: 8
 Concurrent Workers: 2
 Concurrent Refinement Workers: 8
 Periodic GC: Disabled
Heap:
 garbage-first heap   total 96256K, used 28286K [0x00000000c0000000, 0x0000000100000000)
  region size 1024K, 1 young (1024K), 0 survivors (0K)
 Metaspace       used 47498K, committed 48064K, reserved 1114112K
  class space    used 6202K, committed 6400K, reserved 1048576K
GC Heap History (20 events):
Event: 7825.989 GC heap after
{Heap after GC invocations=547 (full 538):
 garbage-first heap   total 96256K, used 28286K [0x00000000c0000000, 0x0000000100000000)
  region size 1024K, 0 young (0K), 0 survivors (0K)
 Metaspace       used 47498K, committed 48064K, reserved 1114112K
  class space    used 6202K, committed 6400K, reserved 1048576K
}
Event: 7836.168 GC heap before
{Heap before GC invocations=547 (full 538):
 garbage-first heap   total 96256K, used 28286K [0x00000000c0000000, 0x0000000100000000)
  region size 1024K, 1 young (1024K), 0 survivors (0K)
 Metaspace       used 47498K, committed 48064K, reserved 1114112K
  class space    used 6202K, committed 6400K, reserved 1048576K
}
Event: 7836.181 GC heap after
{Heap after GC invocations=548 (full 539):
 garbage-first heap   total 96256K, used 28286K [0x00000000c0000000, 0x0000000100000000)
  region size 1024K, 0 young (0K), 0 survivors (0K)
 Metaspace       used 47498K, committed 48064K, reserved 1114112K
  class space    used 6202K, committed 6400K, reserved 1048576K
}
Event: 7846.340 GC heap before
{Heap before GC invocations=548 (full 539):
 garbage-first heap   total 96256K, used 28286K [0x00000000c0000000, 0x0000000100000000)
  region size 1024K, 1 young (1024K), 0 survivors (0K)
 Metaspace       used 47498K, committed 48064K, reserved 1114112K
  class space    used 6202K, committed 6400K, reserved 1048576K
}
Event: 7846.353 GC heap after
{Heap after GC invocations=549 (full 540):
 garbage-first heap   total 96256K, used 28286K [0x00000000c0000000, 0x0000000100000000)
  region size 1024K, 0 young (0K), 0 survivors (0K)
 Metaspace       used 47498K, committed 48064K, reserved 1114112K
  class space    used 6202K, committed 6400K, reserved 1048576K
}
Event: 7856.520 GC heap before
{Heap before GC invocations=549 (full 540):
 garbage-first heap   total 96256K, used 28286K [0x00000000c0000000, 0x0000000100000000)
  region size 1024K, 1 young (1024K), 0 survivors (0K)
 Metaspace       used 47498K, committed 48064K, reserved 1114112K
  class space    used 6202K, committed 6400K, reserved 1048576K
}
Event: 7856.534 GC heap after
{Heap after GC invocations=550 (full 541):
 garbage-first heap   total 96256K, used 28286K [0x00000000c0000000, 0x0000000100000000)
  region size 1024K, 0 young (0K), 0 survivors (0K)
 Metaspace       used 47498K, committed 48064K, reserved 1114112K
  class space    used 6202K, committed 6400K, reserved 1048576K
}
Event: 7866.715 GC heap before
{Heap before GC invocations=550 (full 541):
 garbage-first heap   total 96256K, used 28286K [0x00000000c0000000, 0x0000000100000000)
  region size 1024K, 1 young (1024K), 0 survivors (0K)
 Metaspace       used 47498K, committed 48064K, reserved 1114112K
  class space    used 6202K, committed 6400K, reserved 1048576K
}
Event: 7866.730 GC heap after
{Heap after GC invocations=551 (full 542):
 garbage-first heap   total 96256K, used 28286K [0x00000000c0000000, 0x0000000100000000)
  region size 1024K, 0 young (0K), 0 survivors (0K)
 Metaspace       used 47498K, committed 48064K, reserved 1114112K
  class space    used 6202K, committed 6400K, reserved 1048576K
}
Event: 7876.892 GC heap before
{Heap before GC invocations=551 (full 542):
 garbage-first heap   total 96256K, used 28286K [0x00000000c0000000, 0x0000000100000000)
  region size 1024K, 1 young (1024K), 0 survivors (0K)
 Metaspace       used 47498K, committed 48064K, reserved 1114112K
  class space    used 6202K, committed 6400K, reserved 1048576K
}
Event: 7876.906 GC heap after
{Heap after GC invocations=552 (full 543):
 garbage-first heap   total 96256K, used 28286K [0x00000000c0000000, 0x0000000100000000)
  region size 1024K, 0 young (0K), 0 survivors (0K)
 Metaspace       used 47498K, committed 48064K, reserved 1114112K
  class space    used 6202K, committed 6400K, reserved 1048576K
}
Event: 7887.068 GC heap before
{Heap before GC invocations=552 (full 543):
 garbage-first heap   total 96256K, used 28286K [0x00000000c0000000, 0x0000000100000000)
  region size 1024K, 1 young (1024K), 0 survivors (0K)
 Metaspace       used 47498K, committed 48064K, reserved 1114112K
  class space    used 6202K, committed 6400K, reserved 1048576K
}
Event: 7887.082 GC heap after
{Heap after GC invocations=553 (full 544):
 garbage-first heap   total 96256K, used 28286K [0x00000000c0000000, 0x0000000100000000)
  region size 1024K, 0 young (0K), 0 survivors (0K)
 Metaspace       used 47498K, committed 48064K, reserved 1114112K
  class space    used 6202K, committed 6400K, reserved 1048576K
}
Event: 7897.235 GC heap before
{Heap before GC invocations=553 (full 544):
 garbage-first heap   total 96256K, used 28286K [0x00000000c0000000, 0x0000000100000000)
  region size 1024K, 1 young (1024K), 0 survivors (0K)
 Metaspace       used 47498K, committed 48064K, reserved 1114112K
  class space    used 6202K, committed 6400K, reserved 1048576K
}
Event: 7897.250 GC heap after
{Heap after GC invocations=554 (full 545):
 garbage-first heap   total 96256K, used 28286K [0x00000000c0000000, 0x0000000100000000)
  region size 1024K, 0 young (0K), 0 survivors (0K)
 Metaspace       used 47498K, committed 48064K, reserved 1114112K
  class space    used 6202K, committed 6400K, reserved 1048576K
}
Event: 7907.424 GC heap before
{Heap before GC invocations=554 (full 545):
 garbage-first heap   total 96256K, used 28286K [0x00000000c0000000, 0x0000000100000000)
  region size 1024K, 1 young (1024K), 0 survivors (0K)
 Metaspace       used 47498K, committed 48064K, reserved 1114112K
  class space    used 6202K, committed 6400K, reserved 1048576K
}
Event: 7907.438 GC heap after
{Heap after GC invocations=555 (full 546):
 garbage-first heap   total 96256K, used 28286K [0x00000000c0000000, 0x0000000100000000)
  region size 1024K, 0 young (0K), 0 survivors (0K)
 Metaspace       used 47498K, committed 48064K, reserved 1114112K
  class space    used 6202K, committed 6400K, reserved 1048576K
}
Event: 7917.589 GC heap before
{Heap before GC invocations=555 (full 546):
 garbage-first heap   total 96256K, used 28286K [0x00000000c0000000, 0x0000000100000000)
  region size 1024K, 1 young (1024K), 0 survivors (0K)
 Metaspace       used 47498K, committed 48064K, reserved 1114112K
  class space    used 6202K, committed 6400K, reserved 1048576K
}
Event: 7917.603 GC heap after
{Heap after GC invocations=556 (full 547):
 garbage-first heap   total 96256K, used 28286K [0x00000000c0000000, 0x0000000100000000)
  region size 1024K, 0 young (0K), 0 survivors (0K)
 Metaspace       used 47498K, committed 48064K, reserved 1114112K
  class space    used 6202K, committed 6400K, reserved 1048576K
}
Event: 7927.702 GC heap before
{Heap before GC invocations=556 (full 547):
 garbage-first heap   total 96256K, used 28286K [0x00000000c0000000, 0x0000000100000000)
  region size 1024K, 1 young (1024K), 0 survivors (0K)
 Metaspace       used 47498K, committed 48064K, reserved 1114112K
  class space    used 6202K, committed 6400K, reserved 1048576K
}

